{"meta": {"format": 3, "version": "7.9.2", "timestamp": "2025-07-27T19:34:47.598423", "branch_coverage": false, "show_contexts": false}, "files": {"src/bloggy/__init__.py": {"executed_lines": [1], "summary": {"covered_lines": 1, "num_statements": 1, "percent_covered": 100.0, "percent_covered_display": "100", "missing_lines": 0, "excluded_lines": 0}, "missing_lines": [], "excluded_lines": [], "functions": {"": {"executed_lines": [1], "summary": {"covered_lines": 1, "num_statements": 1, "percent_covered": 100.0, "percent_covered_display": "100", "missing_lines": 0, "excluded_lines": 0}, "missing_lines": [], "excluded_lines": []}}, "classes": {"": {"executed_lines": [1], "summary": {"covered_lines": 1, "num_statements": 1, "percent_covered": 100.0, "percent_covered_display": "100", "missing_lines": 0, "excluded_lines": 0}, "missing_lines": [], "excluded_lines": []}}}, "src/bloggy/app.py": {"executed_lines": [1, 3, 4, 5, 6, 7, 8, 10, 12, 13, 14, 15, 16, 17, 20, 21, 22, 23, 24, 26, 27, 28, 29, 31, 32, 33, 35, 45, 46, 47, 48, 49, 51, 52, 53, 54, 55, 56, 57, 58, 59, 62, 63, 64, 66, 67, 68, 69, 71, 73, 76, 77, 78, 79, 80, 81, 82, 83, 84, 85, 86, 87, 88, 91, 92, 93, 94, 97, 98, 99, 100, 101, 103, 104, 107, 108, 109, 110, 111, 112, 115, 116, 119, 120, 121, 122, 123, 124, 127, 128, 129, 130, 131, 133, 134, 135, 136, 137, 141, 144], "summary": {"covered_lines": 100, "num_statements": 104, "percent_covered": 96.15384615384616, "percent_covered_display": "96", "missing_lines": 4, "excluded_lines": 0}, "missing_lines": [70, 102, 125, 145], "excluded_lines": [], "functions": {"parse_post": {"executed_lines": [21, 22, 23, 24, 26, 27, 28, 29, 31, 32, 33, 35], "summary": {"covered_lines": 12, "num_statements": 12, "percent_covered": 100.0, "percent_covered_display": "100", "missing_lines": 0, "excluded_lines": 0}, "missing_lines": [], "excluded_lines": []}, "get_all_posts": {"executed_lines": [46, 47, 48, 49, 51, 52, 53, 54, 55, 56, 57, 58, 59], "summary": {"covered_lines": 13, "num_statements": 13, "percent_covered": 100.0, "percent_covered_display": "100", "missing_lines": 0, "excluded_lines": 0}, "missing_lines": [], "excluded_lines": []}, "needs_api_key": {"executed_lines": [63, 64, 66, 67, 73], "summary": {"covered_lines": 5, "num_statements": 5, "percent_covered": 100.0, "percent_covered_display": "100", "missing_lines": 0, "excluded_lines": 0}, "missing_lines": [], "excluded_lines": []}, "needs_api_key.decorated_function": {"executed_lines": [68, 69, 71], "summary": {"covered_lines": 3, "num_statements": 4, "percent_covered": 75.0, "percent_covered_display": "75", "missing_lines": 1, "excluded_lines": 0}, "missing_lines": [70], "excluded_lines": []}, "index": {"executed_lines": [78, 79, 80, 81, 82, 83, 84, 85, 86, 87, 88], "summary": {"covered_lines": 11, "num_statements": 11, "percent_covered": 100.0, "percent_covered_display": "100", "missing_lines": 0, "excluded_lines": 0}, "missing_lines": [], "excluded_lines": []}, "archive": {"executed_lines": [93, 94], "summary": {"covered_lines": 2, "num_statements": 2, "percent_covered": 100.0, "percent_covered_display": "100", "missing_lines": 0, "excluded_lines": 0}, "missing_lines": [], "excluded_lines": []}, "post": {"executed_lines": [99, 100, 101, 103, 104], "summary": {"covered_lines": 5, "num_statements": 6, "percent_covered": 83.33333333333333, "percent_covered_display": "83", "missing_lines": 1, "excluded_lines": 0}, "missing_lines": [102], "excluded_lines": []}, "archive_overview": {"executed_lines": [109, 110, 111, 112, 115, 116], "summary": {"covered_lines": 6, "num_statements": 6, "percent_covered": 100.0, "percent_covered_display": "100", "missing_lines": 0, "excluded_lines": 0}, "missing_lines": [], "excluded_lines": []}, "new_post": {"executed_lines": [122, 123, 124, 127, 128, 129, 130, 131, 133, 134, 135, 136, 137, 141], "summary": {"covered_lines": 14, "num_statements": 15, "percent_covered": 93.33333333333333, "percent_covered_display": "93", "missing_lines": 1, "excluded_lines": 0}, "missing_lines": [125], "excluded_lines": []}, "": {"executed_lines": [1, 3, 4, 5, 6, 7, 8, 10, 12, 13, 14, 15, 16, 17, 20, 45, 62, 76, 77, 91, 92, 97, 98, 107, 108, 119, 120, 121, 144], "summary": {"covered_lines": 29, "num_statements": 30, "percent_covered": 96.66666666666667, "percent_covered_display": "97", "missing_lines": 1, "excluded_lines": 0}, "missing_lines": [145], "excluded_lines": []}}, "classes": {"": {"executed_lines": [1, 3, 4, 5, 6, 7, 8, 10, 12, 13, 14, 15, 16, 17, 20, 21, 22, 23, 24, 26, 27, 28, 29, 31, 32, 33, 35, 45, 46, 47, 48, 49, 51, 52, 53, 54, 55, 56, 57, 58, 59, 62, 63, 64, 66, 67, 68, 69, 71, 73, 76, 77, 78, 79, 80, 81, 82, 83, 84, 85, 86, 87, 88, 91, 92, 93, 94, 97, 98, 99, 100, 101, 103, 104, 107, 108, 109, 110, 111, 112, 115, 116, 119, 120, 121, 122, 123, 124, 127, 128, 129, 130, 131, 133, 134, 135, 136, 137, 141, 144], "summary": {"covered_lines": 100, "num_statements": 104, "percent_covered": 96.15384615384616, "percent_covered_display": "96", "missing_lines": 4, "excluded_lines": 0}, "missing_lines": [70, 102, 125, 145], "excluded_lines": []}}}}, "totals": {"covered_lines": 101, "num_statements": 105, "percent_covered": 96.19047619047619, "percent_covered_display": "96", "missing_lines": 4, "excluded_lines": 0}}